e:\2dgameengine\bin\2dgameengine\x64\debug\2dgameengine.pdb
e:\2dgameengine\bin\2dgameengine\x64\debug\2dgameengine.idb
e:\2dgameengine\bin\2dgameengine\intermediates\x64\debug\window.obj
e:\2dgameengine\bin\2dgameengine\intermediates\x64\debug\timer.obj
e:\2dgameengine\bin\2dgameengine\intermediates\x64\debug\input.obj
e:\2dgameengine\bin\2dgameengine\intermediates\x64\debug\fileutils.obj
e:\2dgameengine\bin\2dgameengine\intermediates\x64\debug\imagetexture.obj
e:\2dgameengine\bin\2dgameengine\intermediates\x64\debug\texture.obj
e:\2dgameengine\bin\2dgameengine\intermediates\x64\debug\shader.obj
e:\2dgameengine\bin\2dgameengine\intermediates\x64\debug\mesh.obj
e:\2dgameengine\bin\2dgameengine\intermediates\x64\debug\graphics.obj
e:\2dgameengine\bin\2dgameengine\intermediates\x64\debug\framebuffer.obj
e:\2dgameengine\bin\2dgameengine\intermediates\x64\debug\engine.obj
e:\2dgameengine\bin\2dgameengine\intermediates\x64\debug\transform.obj
e:\2dgameengine\bin\2dgameengine\intermediates\x64\debug\scene.obj
e:\2dgameengine\bin\2dgameengine\intermediates\x64\debug\layer.obj
e:\2dgameengine\bin\2dgameengine\intermediates\x64\debug\gameobject.obj
e:\2dgameengine\bin\2dgameengine\intermediates\x64\debug\camera.obj
e:\2dgameengine\bin\2dgameengine\intermediates\x64\debug\asset.obj
e:\2dgameengine\bin\2dgameengine\intermediates\x64\debug\audiotrack.obj
e:\2dgameengine\bin\2dgameengine\x64\debug\2dgameengine.lib
e:\2dgameengine\bin\2dgameengine\intermediates\x64\debug\2dgameengine.vcxproj.filelistabsolute.txt
e:\2dgameengine\bin\2dgameengine\intermediates\x64\debug\2dgameengine.tlog\cl.command.1.tlog
e:\2dgameengine\bin\2dgameengine\intermediates\x64\debug\2dgameengine.tlog\cl.items.tlog
e:\2dgameengine\bin\2dgameengine\intermediates\x64\debug\2dgameengine.tlog\cl.read.1.tlog
e:\2dgameengine\bin\2dgameengine\intermediates\x64\debug\2dgameengine.tlog\cl.write.1.tlog
e:\2dgameengine\bin\2dgameengine\intermediates\x64\debug\2dgameengine.tlog\lib-link.read.1.tlog
e:\2dgameengine\bin\2dgameengine\intermediates\x64\debug\2dgameengine.tlog\lib-link.write.1.tlog
e:\2dgameengine\bin\2dgameengine\intermediates\x64\debug\2dgameengine.tlog\lib.command.1.tlog
