e:\2dgameengine\bin\editor\intermediates\x64\debug\vc143.pdb
e:\2dgameengine\bin\editor\intermediates\x64\debug\vc143.idb
e:\2dgameengine\bin\editor\intermediates\x64\debug\editor.obj
e:\2dgameengine\bin\editor\intermediates\x64\debug\gion engine editor.ilk
e:\2dgameengine\bin\editor\x64\debug\gion engine editor.pdb
e:\2dgameengine\bin\editor\intermediates\x64\debug\editor.vcxproj.filelistabsolute.txt
e:\2dgameengine\bin\editor\intermediates\x64\debug\editor.tlog\cl.command.1.tlog
e:\2dgameengine\bin\editor\intermediates\x64\debug\editor.tlog\cl.items.tlog
e:\2dgameengine\bin\editor\intermediates\x64\debug\editor.tlog\cl.read.1.tlog
e:\2dgameengine\bin\editor\intermediates\x64\debug\editor.tlog\cl.write.1.tlog
e:\2dgameengine\bin\editor\intermediates\x64\debug\editor.tlog\link-cvtres.read.1.tlog
e:\2dgameengine\bin\editor\intermediates\x64\debug\editor.tlog\link-cvtres.write.1.tlog
e:\2dgameengine\bin\editor\intermediates\x64\debug\editor.tlog\link-rc.read.1.tlog
e:\2dgameengine\bin\editor\intermediates\x64\debug\editor.tlog\link-rc.write.1.tlog
e:\2dgameengine\bin\editor\intermediates\x64\debug\editor.tlog\link.34336-cvtres.read.1.tlog
e:\2dgameengine\bin\editor\intermediates\x64\debug\editor.tlog\link.34336-cvtres.write.1.tlog
e:\2dgameengine\bin\editor\intermediates\x64\debug\editor.tlog\link.34336-rc.read.1.tlog
e:\2dgameengine\bin\editor\intermediates\x64\debug\editor.tlog\link.34336-rc.write.1.tlog
e:\2dgameengine\bin\editor\intermediates\x64\debug\editor.tlog\link.34336.read.1.tlog
e:\2dgameengine\bin\editor\intermediates\x64\debug\editor.tlog\link.34336.read.2.tlog
e:\2dgameengine\bin\editor\intermediates\x64\debug\editor.tlog\link.34336.read.3.tlog
e:\2dgameengine\bin\editor\intermediates\x64\debug\editor.tlog\link.34336.read.4.tlog
e:\2dgameengine\bin\editor\intermediates\x64\debug\editor.tlog\link.34336.write.1.tlog
e:\2dgameengine\bin\editor\intermediates\x64\debug\editor.tlog\link.command.1.tlog
e:\2dgameengine\bin\editor\intermediates\x64\debug\editor.tlog\link.read.1.tlog
e:\2dgameengine\bin\editor\intermediates\x64\debug\editor.tlog\link.read.2.tlog
e:\2dgameengine\bin\editor\intermediates\x64\debug\editor.tlog\link.read.3.tlog
e:\2dgameengine\bin\editor\intermediates\x64\debug\editor.tlog\link.read.4.tlog
e:\2dgameengine\bin\editor\intermediates\x64\debug\editor.tlog\link.secondary.1.tlog
e:\2dgameengine\bin\editor\intermediates\x64\debug\editor.tlog\link.write.1.tlog
