e:\2dgameengine\bin\2dgameengine\x64\release\2dgameengine.pdb
e:\2dgameengine\bin\2dgameengine\intermediates\x64\release\window.obj
e:\2dgameengine\bin\2dgameengine\intermediates\x64\release\timer.obj
e:\2dgameengine\bin\2dgameengine\intermediates\x64\release\input.obj
e:\2dgameengine\bin\2dgameengine\intermediates\x64\release\fileutils.obj
e:\2dgameengine\bin\2dgameengine\intermediates\x64\release\imagetexture.obj
e:\2dgameengine\bin\2dgameengine\intermediates\x64\release\texture.obj
e:\2dgameengine\bin\2dgameengine\intermediates\x64\release\shader.obj
e:\2dgameengine\bin\2dgameengine\intermediates\x64\release\mesh.obj
e:\2dgameengine\bin\2dgameengine\intermediates\x64\release\graphics.obj
e:\2dgameengine\bin\2dgameengine\intermediates\x64\release\framebuffer.obj
e:\2dgameengine\bin\2dgameengine\intermediates\x64\release\engine.obj
e:\2dgameengine\bin\2dgameengine\intermediates\x64\release\transform.obj
e:\2dgameengine\bin\2dgameengine\intermediates\x64\release\scene.obj
e:\2dgameengine\bin\2dgameengine\intermediates\x64\release\layer.obj
e:\2dgameengine\bin\2dgameengine\intermediates\x64\release\gameobject.obj
e:\2dgameengine\bin\2dgameengine\intermediates\x64\release\camera.obj
e:\2dgameengine\bin\2dgameengine\intermediates\x64\release\asset.obj
e:\2dgameengine\bin\2dgameengine\x64\release\2dgameengine.lib
e:\2dgameengine\bin\2dgameengine\intermediates\x64\release\2dgameengine.vcxproj.filelistabsolute.txt
e:\2dgameengine\bin\2dgameengine\intermediates\x64\release\2dgameengine.tlog\cl.command.1.tlog
e:\2dgameengine\bin\2dgameengine\intermediates\x64\release\2dgameengine.tlog\cl.items.tlog
e:\2dgameengine\bin\2dgameengine\intermediates\x64\release\2dgameengine.tlog\cl.read.1.tlog
e:\2dgameengine\bin\2dgameengine\intermediates\x64\release\2dgameengine.tlog\cl.write.1.tlog
e:\2dgameengine\bin\2dgameengine\intermediates\x64\release\2dgameengine.tlog\lib-link.read.1.tlog
e:\2dgameengine\bin\2dgameengine\intermediates\x64\release\2dgameengine.tlog\lib-link.write.1.tlog
e:\2dgameengine\bin\2dgameengine\intermediates\x64\release\2dgameengine.tlog\lib.command.1.tlog
